<?xml version="1.0" encoding="UTF-8"?>
<testng-results skipped="0" failed="0" ignored="1" total="5" passed="4">
  <reporter-output>
  </reporter-output>
  <suite name="Suite" duration-ms="70" started-at="2022-06-06T22:23:34 IST" finished-at="2022-06-06T22:23:34 IST">
    <groups>
    </groups>
    <test name="Car Loan" duration-ms="36" started-at="2022-06-06T22:23:34 IST" finished-at="2022-06-06T22:23:34 IST">
      <class name="Test.Test1">
        <test-method status="PASS" signature="test1(java.lang.String)[pri:0, instance:Test.Test1@1786dec2]" name="test1" duration-ms="7" started-at="2022-06-06T22:23:34 IST" finished-at="2022-06-06T22:23:34 IST">
          <params>
            <param index="0">
              <value>
                <![CDATA[carloan.com]]>
              </value>
            </param>
          </params>
          <reporter-output>
          </reporter-output>
        </test-method> <!-- test1 -->
        <test-method status="PASS" signature="tc()[pri:0, instance:Test.Test1@1786dec2]" name="tc" duration-ms="0" started-at="2022-06-06T22:23:34 IST" depends-on-methods="Test.Test1.test1" finished-at="2022-06-06T22:23:34 IST">
          <reporter-output>
          </reporter-output>
        </test-method> <!-- tc -->
      </class> <!-- Test.Test1 -->
    </test> <!-- Car Loan -->
    <test name="Mobile" duration-ms="10" started-at="2022-06-06T22:23:34 IST" finished-at="2022-06-06T22:23:34 IST">
      <class name="Test.Test2">
        <test-method status="PASS" signature="MobileTest1(java.lang.String)[pri:0, instance:Test.Test2@7a9273a8]" name="MobileTest1" duration-ms="1" started-at="2022-06-06T22:23:34 IST" finished-at="2022-06-06T22:23:34 IST">
          <params>
            <param index="0">
              <value>
                <![CDATA[mobileloan.com]]>
              </value>
            </param>
          </params>
          <reporter-output>
          </reporter-output>
        </test-method> <!-- MobileTest1 -->
        <test-method status="PASS" signature="MobileTest2()[pri:0, instance:Test.Test2@7a9273a8]" name="MobileTest2" duration-ms="5" started-at="2022-06-06T22:23:34 IST" finished-at="2022-06-06T22:23:34 IST">
          <reporter-output>
          </reporter-output>
        </test-method> <!-- MobileTest2 -->
      </class> <!-- Test.Test2 -->
    </test> <!-- Mobile -->
  </suite> <!-- Suite -->
</testng-results>
