<?xml version="1.0" encoding="UTF-8"?>
<testng-results skipped="0" failed="0" total="1" passed="1">
  <reporter-output>
  </reporter-output>
  <suite name="Default suite" duration-ms="3091" started-at="2022-05-20T15:02:50Z" finished-at="2022-05-20T15:02:54Z">
    <groups>
    </groups>
    <test name="Default test" duration-ms="3091" started-at="2022-05-20T15:02:50Z" finished-at="2022-05-20T15:02:54Z">
      <class name="GreenCart">
        <test-method status="PASS" signature="test()[pri:0, instance:GreenCart@38c5cc4c]" name="test" duration-ms="3080" started-at="2022-05-20T20:32:50Z" finished-at="2022-05-20T20:32:54Z">
          <reporter-output>
          </reporter-output>
        </test-method> <!-- test -->
      </class> <!-- GreenCart -->
    </test> <!-- Default test -->
  </suite> <!-- Default suite -->
</testng-results>
