<?xml version="1.0" encoding="UTF-8"?>
<!-- Generated by org.testng.reporters.JUnitXMLReporter -->
<testsuite hostname="LAPTOP-SMGGKUE9" ignored="0" name="Test" tests="4" failures="0" timestamp="2022-05-23T11:00:17 IST" time="0.047" errors="0">
  <testcase name="tc4" time="0.008" classname="Test.Test4"/>
  <testcase name="tc3" time="0.001" classname="Test.Test3"/>
  <testcase name="set" time="0.001" classname="Test.Test2"/>
  <testcase name="test" time="0.002" classname="Test.Test1"/>
</testsuite> <!-- Test -->
