<?xml version="1.0" encoding="UTF-8"?>
<!-- Generated by org.testng.reporters.JUnitXMLReporter -->
<testsuite hostname="LAPTOP-SMGGKUE9" name="Test" tests="1" failures="0" timestamp="9 May 2022 12:25:28 GMT" time="4.431" errors="0">
  <testcase name="@BeforeTest openApp" time="0.0" classname="Action.Myntra">
    <failure type="org.openqa.selenium.WebDriverException" message="unknown error: cannot determine loading status
from disconnected: received Inspector.detached event
  (Session info: chrome=101.0.4951.54)
Build info: version: &amp;apos;4.1.3&amp;apos;, revision: &amp;apos;7b1ebf28ef&amp;apos;
System info: host: &amp;apos;LAPTOP-SMGGKUE9&amp;apos;, ip: &amp;apos;192.168.0.106&amp;apos;, os.name: &amp;apos;Windows 11&amp;apos;, os.arch: &amp;apos;amd64&amp;apos;, os.version: &amp;apos;10.0&amp;apos;, java.version: &amp;apos;1.8.0_321&amp;apos;
Driver info: org.openqa.selenium.chrome.ChromeDriver
Command: [0ff56a85f501a72c8f86552be3cb28d9, get {url=https://www.myntra.com/?utm_source=perf_google_search_brand&amp;amp;utm_medium=perf_google_search_brand&amp;amp;utm_campaign=Search%20-%20Myntra%20Brand%20(India)&amp;amp;gclid=CjwKCAjwx46TBhBhEiwArA_DjF2HQTwJfFDDIxYZkoyhS5nZ3frsxzmxJh79QUh6i-r0abowNgVyExoCZwQQAvD_BwE}]
Capabilities {acceptInsecureCerts: false, browserName: chrome, browserVersion: 101.0.4951.54, chrome: {chromedriverVersion: 101.0.4951.41 (93c720db8323..., userDataDir: C:\Users\upsss\AppData\Loca...}, goog:chromeOptions: {debuggerAddress: localhost:56989}, javascriptEnabled: true, networkConnectionEnabled: false, pageLoadStrategy: normal, platform: WINDOWS, platformName: WINDOWS, proxy: Proxy(), se:cdp: ws://localhost:56989/devtoo..., se:cdpVersion: 101.0.4951.54, setWindowRect: true, strictFileInteractability: false, timeouts: {implicit: 0, pageLoad: 300000, script: 30000}, unhandledPromptBehavior: dismiss and notify, webauthn:extension:credBlob: true, webauthn:extension:largeBlob: true, webauthn:virtualAuthenticators: true}
Session ID: 0ff56a85f501a72c8f86552be3cb28d9">
      <![CDATA[org.openqa.selenium.WebDriverException: unknown error: cannot determine loading status
from disconnected: received Inspector.detached event
  (Session info: chrome=101.0.4951.54)
Build info: version: '4.1.3', revision: '7b1ebf28ef'
System info: host: 'LAPTOP-SMGGKUE9', ip: '192.168.0.106', os.name: 'Windows 11', os.arch: 'amd64', os.version: '10.0', java.version: '1.8.0_321'
Driver info: org.openqa.selenium.chrome.ChromeDriver
Command: [0ff56a85f501a72c8f86552be3cb28d9, get {url=https://www.myntra.com/?utm_source=perf_google_search_brand&utm_medium=perf_google_search_brand&utm_campaign=Search%20-%20Myntra%20Brand%20(India)&gclid=CjwKCAjwx46TBhBhEiwArA_DjF2HQTwJfFDDIxYZkoyhS5nZ3frsxzmxJh79QUh6i-r0abowNgVyExoCZwQQAvD_BwE}]
Capabilities {acceptInsecureCerts: false, browserName: chrome, browserVersion: 101.0.4951.54, chrome: {chromedriverVersion: 101.0.4951.41 (93c720db8323..., userDataDir: C:\Users\upsss\AppData\Loca...}, goog:chromeOptions: {debuggerAddress: localhost:56989}, javascriptEnabled: true, networkConnectionEnabled: false, pageLoadStrategy: normal, platform: WINDOWS, platformName: WINDOWS, proxy: Proxy(), se:cdp: ws://localhost:56989/devtoo..., se:cdpVersion: 101.0.4951.54, setWindowRect: true, strictFileInteractability: false, timeouts: {implicit: 0, pageLoad: 300000, script: 30000}, unhandledPromptBehavior: dismiss and notify, webauthn:extension:credBlob: true, webauthn:extension:largeBlob: true, webauthn:virtualAuthenticators: true}
Session ID: 0ff56a85f501a72c8f86552be3cb28d9
	at org.openqa.selenium.remote.codec.w3c.W3CHttpResponseCodec.createException(W3CHttpResponseCodec.java:200)
	at org.openqa.selenium.remote.codec.w3c.W3CHttpResponseCodec.decode(W3CHttpResponseCodec.java:133)
	at org.openqa.selenium.remote.codec.w3c.W3CHttpResponseCodec.decode(W3CHttpResponseCodec.java:53)
	at org.openqa.selenium.remote.HttpCommandExecutor.execute(HttpCommandExecutor.java:184)
	at org.openqa.selenium.remote.service.DriverCommandExecutor.invokeExecute(DriverCommandExecutor.java:167)
	at org.openqa.selenium.remote.service.DriverCommandExecutor.execute(DriverCommandExecutor.java:142)
	at org.openqa.selenium.remote.RemoteWebDriver.execute(RemoteWebDriver.java:567)
	at org.openqa.selenium.remote.RemoteWebDriver.get(RemoteWebDriver.java:330)
	at Action.Myntra.openApp(Myntra.java:23)
... Removed 26 stack frames]]>
    </failure>
  </testcase> <!-- @BeforeTest openApp -->
  <testcase name="@AfterTest closeApp" time="0.0" classname="Action.Myntra">
    <skipped/>
  </testcase> <!-- @AfterTest closeApp -->
  <testcase name="mouseOver" time="0.001" classname="Action.Myntra">
    <skipped/>
  </testcase> <!-- mouseOver -->
</testsuite> <!-- Test -->
