<?xml version="1.0" encoding="UTF-8"?>
<testng-results skipped="0" failed="0" ignored="0" total="1" passed="1">
  <reporter-output>
  </reporter-output>
  <suite name="Default suite" duration-ms="9167" started-at="2022-05-27T19:02:47 IST" finished-at="2022-05-27T19:02:56 IST">
    <groups>
    </groups>
    <test name="Default test" duration-ms="9167" started-at="2022-05-27T19:02:47 IST" finished-at="2022-05-27T19:02:56 IST">
      <class name="Selion_7.SelectPassenger">
        <test-method status="PASS" signature="test()[pri:0, instance:Selion_7.SelectPassenger@3e57cd70]" name="test" duration-ms="9132" started-at="2022-05-27T19:02:47 IST" finished-at="2022-05-27T19:02:56 IST">
          <reporter-output>
          </reporter-output>
        </test-method> <!-- test -->
      </class> <!-- Selion_7.SelectPassenger -->
    </test> <!-- Default test -->
  </suite> <!-- Default suite -->
</testng-results>
