<?xml version="1.0" encoding="UTF-8"?>
<testng-results skipped="0" failed="0" total="1" passed="1">
  <reporter-output>
    <line>
      <![CDATA[iGoogle like Drag & Drop Portal v2.0 by Michel Hiemstra<br>]]>
    </line>
  </reporter-output>
  <suite name="Default suite" duration-ms="5308" started-at="2022-05-09T15:49:41Z" finished-at="2022-05-09T15:49:47Z">
    <groups>
    </groups>
    <test name="Default test" duration-ms="5308" started-at="2022-05-09T15:49:41Z" finished-at="2022-05-09T15:49:47Z">
      <class name="Action.DragAndDrop">
        <test-method status="PASS" signature="openApp()[pri:0, instance:Action.DragAndDrop@1df82230]" name="openApp" is-config="true" duration-ms="4980" started-at="2022-05-09T21:19:41Z" finished-at="2022-05-09T21:19:46Z">
          <reporter-output>
          </reporter-output>
        </test-method> <!-- openApp -->
        <test-method status="PASS" signature="drangAndDrop()[pri:0, instance:Action.DragAndDrop@1df82230]" name="drangAndDrop" duration-ms="319" started-at="2022-05-09T21:19:46Z" finished-at="2022-05-09T21:19:47Z">
          <reporter-output>
            <line>
              <![CDATA[iGoogle like Drag & Drop Portal v2.0 by Michel Hiemstra<br>]]>
            </line>
          </reporter-output>
        </test-method> <!-- drangAndDrop -->
        <test-method status="PASS" signature="close()[pri:0, instance:Action.DragAndDrop@1df82230]" name="close" is-config="true" duration-ms="1" started-at="2022-05-09T21:19:47Z" finished-at="2022-05-09T21:19:47Z">
          <reporter-output>
          </reporter-output>
        </test-method> <!-- close -->
      </class> <!-- Action.DragAndDrop -->
    </test> <!-- Default test -->
  </suite> <!-- Default suite -->
</testng-results>
