<?xml version="1.0" encoding="UTF-8"?>
<!-- Generated by org.testng.reporters.JUnitXMLReporter -->
<testsuite hostname="LAPTOP-SMGGKUE9" ignored="1" name="Mobile" tests="2" failures="0" timestamp="2022-06-06T22:23:34 IST" time="0.01" errors="0">
  <testcase name="MobileTest1" time="0.001" classname="Test.Test2"/>
  <testcase name="MobileTest2" time="0.005" classname="Test.Test2"/>
  <testcase name="MobileTc" time="0.0" classname="Test.Test2">
    <ignored/>
  </testcase> <!-- MobileTc -->
</testsuite> <!-- Mobile -->
