<?xml version="1.0" encoding="UTF-8"?>
<!-- Generated by org.testng.reporters.JUnitXMLReporter -->
<testsuite hostname="LAPTOP-SMGGKUE9" ignored="2" name="Test" tests="2" failures="0" timestamp="2022-06-03T23:33:14 IST" time="0.033" errors="0">
  <testcase name="test1" time="0.006" classname="Test.Test1"/>
  <testcase name="test4" time="0.001" classname="Test.Test1"/>
  <testcase name="MobileTest1" time="0.0" classname="Test.Test2">
    <ignored/>
  </testcase> <!-- MobileTest1 -->
  <testcase name="MobileTest2" time="0.0" classname="Test.Test2">
    <ignored/>
  </testcase> <!-- MobileTest2 -->
</testsuite> <!-- Test -->
