<?xml version="1.0" encoding="UTF-8"?>
<!-- Generated by org.testng.reporters.JUnitXMLReporter -->
<testsuite hostname="LAPTOP-SMGGKUE9" name="Test" tests="6" failures="0" timestamp="6 May 2022 13:15:16 GMT" time="0.026" errors="0">
  <testcase name="fast" time="0.006" classname="Pro.Car"/>
  <testcase name="go" time="0.001" classname="Pro.Car"/>
  <testcase name="slow" time="0.001" classname="Pro.Car"/>
  <testcase name="demo" time="0.003" classname="Pro.p1"/>
  <testcase name="second" time="0.001" classname="Pro.p1"/>
  <testcase name="sut" time="0.002" classname="Pro.p2"/>
</testsuite> <!-- Test -->
